<?xml version="1.0" encoding="UTF-8"?>
<!-- Generated by org.testng.reporters.JUnitXMLReporter -->
<testsuite ignored="1" hostname="Ravindra-PC" failures="0" tests="4" name="ChromeExecution" time="22.727" errors="0" timestamp="2022-12-07T19:35:07 IST">
  <testcase classname="com.java.maventest.OrangeHRM2" name="LaunchApp" time="6.361"/>
  <testcase classname="com.java.maventest.OrangeHRM2" name="EnterLoginDetails" time="4.595"/>
  <testcase classname="com.java.maventest.OrangeHRM2" name="NavigateToMyInfo" time="1.295"/>
  <testcase classname="com.java.maventest.OrangeHRM2" name="VerifyMyInfo" time="3.15"/>
  <testcase classname="com.java.maventest.OrangeHRM2" name="VerifyLogin" time="0.0">
    <ignored/>
  </testcase> <!-- VerifyLogin -->
</testsuite> <!-- ChromeExecution -->
