<?xml version="1.0" encoding="UTF-8"?>
<testng-results ignored="1" total="5" passed="4" failed="0" skipped="0">
  <reporter-output>
  </reporter-output>
  <suite started-at="2022-12-07T19:34:44 IST" name="DemoSuite" finished-at="2022-12-07T19:35:07 IST" duration-ms="22727">
    <groups>
    </groups>
    <test started-at="2022-12-07T19:34:44 IST" name="ChromeExecution" finished-at="2022-12-07T19:35:07 IST" duration-ms="22727">
      <class name="com.java.maventest.OrangeHRM2">
        <test-method is-config="true" signature="InitialiseBrowser(java.lang.String)[pri:0, instance:com.java.maventest.OrangeHRM2@2cf3d63b]" started-at="2022-12-07T19:34:44 IST" name="InitialiseBrowser" finished-at="2022-12-07T19:34:52 IST" duration-ms="7231" status="PASS">
          <params>
            <param index="0">
              <value>
                <![CDATA[chrome]]>
              </value>
            </param>
          </params>
          <reporter-output>
          </reporter-output>
        </test-method> <!-- InitialiseBrowser -->
        <test-method signature="LaunchApp(java.lang.String)[pri:0, instance:com.java.maventest.OrangeHRM2@2cf3d63b]" started-at="2022-12-07T19:34:52 IST" name="LaunchApp" finished-at="2022-12-07T19:34:58 IST" duration-ms="6361" status="PASS">
          <params>
            <param index="0">
              <value>
                <![CDATA[https://opensource-demo.orangehrmlive.com/]]>
              </value>
            </param>
          </params>
          <reporter-output>
          </reporter-output>
        </test-method> <!-- LaunchApp -->
        <test-method signature="EnterLoginDetails(java.lang.String,java.lang.String)[pri:0, instance:com.java.maventest.OrangeHRM2@2cf3d63b]" started-at="2022-12-07T19:34:58 IST" name="EnterLoginDetails" finished-at="2022-12-07T19:35:03 IST" duration-ms="4595" status="PASS">
          <params>
            <param index="0">
              <value>
                <![CDATA[Admin]]>
              </value>
            </param>
            <param index="1">
              <value>
                <![CDATA[admin123]]>
              </value>
            </param>
          </params>
          <reporter-output>
          </reporter-output>
        </test-method> <!-- EnterLoginDetails -->
        <test-method signature="NavigateToMyInfo()[pri:0, instance:com.java.maventest.OrangeHRM2@2cf3d63b]" started-at="2022-12-07T19:35:03 IST" name="NavigateToMyInfo" finished-at="2022-12-07T19:35:04 IST" duration-ms="1295" status="PASS">
          <reporter-output>
          </reporter-output>
        </test-method> <!-- NavigateToMyInfo -->
        <test-method signature="VerifyMyInfo()[pri:0, instance:com.java.maventest.OrangeHRM2@2cf3d63b]" started-at="2022-12-07T19:35:04 IST" name="VerifyMyInfo" finished-at="2022-12-07T19:35:07 IST" duration-ms="3150" status="PASS">
          <reporter-output>
          </reporter-output>
        </test-method> <!-- VerifyMyInfo -->
      </class> <!-- com.java.maventest.OrangeHRM2 -->
    </test> <!-- ChromeExecution -->
  </suite> <!-- DemoSuite -->
</testng-results>
